<?xml version="1.0" encoding="UTF-8"?>
<testng-results ignored="0" total="2" passed="2" failed="0" skipped="0">
  <reporter-output>
  </reporter-output>
  <suite started-at="2021-02-05T16:52:03 IST" name="Suite" finished-at="2021-02-05T16:53:01 IST" duration-ms="58606">
    <groups>
    </groups>
    <test started-at="2021-02-05T16:52:03 IST" name="ChromeTest" finished-at="2021-02-05T16:52:41 IST" duration-ms="38729">
      <class name="Parallel.DemoCross">
        <test-method signature="TC1(java.lang.String)[pri:0, instance:Parallel.DemoCross@78e94dcf]" started-at="2021-02-05T16:52:03 IST" name="TC1" finished-at="2021-02-05T16:52:41 IST" duration-ms="38673" status="PASS">
          <params>
            <param index="0">
              <value>
                <![CDATA[chrome]]>
              </value>
            </param>
          </params>
          <reporter-output>
          </reporter-output>
        </test-method> <!-- TC1 -->
      </class> <!-- Parallel.DemoCross -->
    </test> <!-- ChromeTest -->
    <test started-at="2021-02-05T16:52:03 IST" name="firefoxTest" finished-at="2021-02-05T16:53:01 IST" duration-ms="58606">
      <class name="Parallel.DemoCross">
        <test-method signature="TC1(java.lang.String)[pri:0, instance:Parallel.DemoCross@43301423]" started-at="2021-02-05T16:52:03 IST" name="TC1" finished-at="2021-02-05T16:53:01 IST" duration-ms="58556" status="PASS">
          <params>
            <param index="0">
              <value>
                <![CDATA[firefox]]>
              </value>
            </param>
          </params>
          <reporter-output>
          </reporter-output>
        </test-method> <!-- TC1 -->
      </class> <!-- Parallel.DemoCross -->
    </test> <!-- firefoxTest -->
  </suite> <!-- Suite -->
</testng-results>
